<?xml version="1.0" encoding="UTF-8"?>
<!-- Generated by org.testng.reporters.JUnitXMLReporter -->
<testsuite hostname="Sri" name="L2-Test" tests="81" failures="3" timestamp="8 Apr 2021 06:45:05 GMT" time="1257.161" errors="0">
  <testcase name="feature" time="45.188" classname="com.dometic.L2.androidrunner.L2_runner"/>
  <testcase name="feature" time="11.006" classname="com.dometic.L2.androidrunner.L2_runner"/>
  <testcase name="feature" time="31.431" classname="com.dometic.L2.androidrunner.L2_runner"/>
  <testcase name="feature" time="16.081" classname="com.dometic.L2.androidrunner.L2_runner"/>
  <testcase name="feature" time="34.752" classname="com.dometic.L2.androidrunner.L2_runner"/>
  <testcase name="feature" time="16.227" classname="com.dometic.L2.androidrunner.L2_runner"/>
  <testcase name="feature" time="7.756" classname="com.dometic.L2.androidrunner.L2_runner"/>
  <testcase name="feature" time="8.467" classname="com.dometic.L2.androidrunner.L2_runner"/>
  <testcase name="feature" time="27.5" classname="com.dometic.L2.androidrunner.L2_runner"/>
  <testcase name="feature" time="11.928" classname="com.dometic.L2.androidrunner.L2_runner"/>
  <testcase name="feature" time="11.011" classname="com.dometic.L2.androidrunner.L2_runner"/>
  <testcase name="feature" time="10.603" classname="com.dometic.L2.androidrunner.L2_runner"/>
  <testcase name="feature" time="11.046" classname="com.dometic.L2.androidrunner.L2_runner"/>
  <testcase name="feature" time="10.751" classname="com.dometic.L2.androidrunner.L2_runner"/>
  <testcase name="feature" time="39.518" classname="com.dometic.L2.androidrunner.L2_runner"/>
  <testcase name="feature" time="1.553" classname="com.dometic.L2.androidrunner.L2_runner"/>
  <testcase name="feature" time="7.877" classname="com.dometic.L2.androidrunner.L2_runner"/>
  <testcase name="feature" time="9.116" classname="com.dometic.L2.androidrunner.L2_runner"/>
  <testcase name="feature" time="9.179" classname="com.dometic.L2.androidrunner.L2_runner"/>
  <testcase name="feature" time="10.004" classname="com.dometic.L2.androidrunner.L2_runner"/>
  <testcase name="feature" time="7.183" classname="com.dometic.L2.androidrunner.L2_runner"/>
  <testcase name="feature" time="18.476" classname="com.dometic.L2.androidrunner.L2_runner"/>
  <testcase name="feature" time="51.432" classname="com.dometic.L2.androidrunner.L2_runner"/>
  <testcase name="feature" time="25.637" classname="com.dometic.L2.androidrunner.L2_runner">
    <failure type="org.openqa.selenium.NoSuchElementException" message="An element could not be located on the page using the given search parameters.
For documentation on this error, please visit: http://seleniumhq.org/exceptions/no_such_element.html
Build info: version: &amp;apos;3.11.0&amp;apos;, revision: &amp;apos;e59cfb3&amp;apos;, time: &amp;apos;2018-03-11T20:26:55.152Z&amp;apos;
System info: host: &amp;apos;SRI&amp;apos;, ip: &amp;apos;192.168.1.37&amp;apos;, os.name: &amp;apos;Windows 10&amp;apos;, os.arch: &amp;apos;amd64&amp;apos;, os.version: &amp;apos;10.0&amp;apos;, java.version: &amp;apos;1.8.0_271&amp;apos;
Driver info: io.appium.java_client.android.AndroidDriver
Capabilities {app: C:\Users\Srinidi.S.S\Deskto..., appActivity: com.dometicapp.SplashActivity, appPackage: com.dometicapp, databaseEnabled: false, desired: {app: C:\Users\Srinidi.S.S\Deskto..., appActivity: com.dometicapp.SplashActivity, appPackage: com.dometicapp, deviceName: Pixel4, fullReset: true, platformName: android, platformVersion: 10}, deviceApiLevel: 29, deviceManufacturer: Google, deviceModel: Android SDK built for x86, deviceName: emulator-5554, deviceScreenDensity: 440, deviceScreenSize: 1080x2220, deviceUDID: emulator-5554, fullReset: true, javascriptEnabled: true, locationContextEnabled: false, networkConnectionEnabled: true, pixelRatio: 2.75, platform: LINUX, platformName: LINUX, platformVersion: 10, statBarHeight: 66, takesScreenshot: true, viewportRect: {height: 2022, left: 0, top: 66, width: 1080}, warnings: {}, webStorageEnabled: false}
Session ID: bf2f8953-e162-459d-b184-7a265b60c316
*** Element info: {Using=xpath, value=(//*[@text=&amp;apos;Mecánica&amp;apos;])}">
      <![CDATA[org.openqa.selenium.NoSuchElementException: An element could not be located on the page using the given search parameters.
For documentation on this error, please visit: http://seleniumhq.org/exceptions/no_such_element.html
Build info: version: '3.11.0', revision: 'e59cfb3', time: '2018-03-11T20:26:55.152Z'
System info: host: 'SRI', ip: '192.168.1.37', os.name: 'Windows 10', os.arch: 'amd64', os.version: '10.0', java.version: '1.8.0_271'
Driver info: io.appium.java_client.android.AndroidDriver
Capabilities {app: C:\Users\Srinidi.S.S\Deskto..., appActivity: com.dometicapp.SplashActivity, appPackage: com.dometicapp, databaseEnabled: false, desired: {app: C:\Users\Srinidi.S.S\Deskto..., appActivity: com.dometicapp.SplashActivity, appPackage: com.dometicapp, deviceName: Pixel4, fullReset: true, platformName: android, platformVersion: 10}, deviceApiLevel: 29, deviceManufacturer: Google, deviceModel: Android SDK built for x86, deviceName: emulator-5554, deviceScreenDensity: 440, deviceScreenSize: 1080x2220, deviceUDID: emulator-5554, fullReset: true, javascriptEnabled: true, locationContextEnabled: false, networkConnectionEnabled: true, pixelRatio: 2.75, platform: LINUX, platformName: LINUX, platformVersion: 10, statBarHeight: 66, takesScreenshot: true, viewportRect: {height: 2022, left: 0, top: 66, width: 1080}, warnings: {}, webStorageEnabled: false}
Session ID: bf2f8953-e162-459d-b184-7a265b60c316
*** Element info: {Using=xpath, value=(//*[@text='Mecánica'])}
	at org.openqa.selenium.remote.http.W3CHttpResponseCodec.createException(W3CHttpResponseCodec.java:187)
	at org.openqa.selenium.remote.http.W3CHttpResponseCodec.decode(W3CHttpResponseCodec.java:122)
	at org.openqa.selenium.remote.http.W3CHttpResponseCodec.decode(W3CHttpResponseCodec.java:49)
	at org.openqa.selenium.remote.HttpCommandExecutor.execute(HttpCommandExecutor.java:158)
	at io.appium.java_client.remote.AppiumCommandExecutor.execute(AppiumCommandExecutor.java:129)
	at org.openqa.selenium.remote.RemoteWebDriver.execute(RemoteWebDriver.java:545)
	at io.appium.java_client.DefaultGenericMobileDriver.execute(DefaultGenericMobileDriver.java:42)
	at io.appium.java_client.AppiumDriver.execute(AppiumDriver.java:1)
	at io.appium.java_client.android.AndroidDriver.execute(AndroidDriver.java:1)
	at org.openqa.selenium.remote.RemoteWebDriver.findElement(RemoteWebDriver.java:319)
	at io.appium.java_client.DefaultGenericMobileDriver.findElement(DefaultGenericMobileDriver.java:62)
	at io.appium.java_client.AppiumDriver.findElement(AppiumDriver.java:1)
	at io.appium.java_client.android.AndroidDriver.findElement(AndroidDriver.java:1)
	at org.openqa.selenium.remote.RemoteWebDriver.findElementByXPath(RemoteWebDriver.java:421)
	at io.appium.java_client.DefaultGenericMobileDriver.findElementByXPath(DefaultGenericMobileDriver.java:152)
	at io.appium.java_client.AppiumDriver.findElementByXPath(AppiumDriver.java:1)
	at io.appium.java_client.android.AndroidDriver.findElementByXPath(AndroidDriver.java:1)
	at org.openqa.selenium.By$ByXPath.findElement(By.java:361)
	at org.openqa.selenium.remote.RemoteWebDriver.findElement(RemoteWebDriver.java:311)
	at io.appium.java_client.DefaultGenericMobileDriver.findElement(DefaultGenericMobileDriver.java:58)
	at io.appium.java_client.AppiumDriver.findElement(AppiumDriver.java:1)
	at io.appium.java_client.android.AndroidDriver.findElement(AndroidDriver.java:1)
	at com.dometic.L2.qa.util.Baseclass.asserttextValidation(Baseclass.java:105)
	at com.dometic.L2.stepdefinition.SpanishLanguage.iVerifyTheMecánicaTextInLandingPage(SpanishLanguage.java:240)
	at ✽.I verify the Mecánica text in Landing page(src/test/java/com/dometic/L2/features/TC21_LanguageValidationLandingPage(Spanish).feature:17)
... Removed 4 stack frames]]>
    </failure>
  </testcase> <!-- feature -->
  <testcase name="feature" time="2.737" classname="com.dometic.L2.androidrunner.L2_runner"/>
  <testcase name="feature" time="64.319" classname="com.dometic.L2.androidrunner.L2_runner"/>
  <testcase name="feature" time="13.892" classname="com.dometic.L2.androidrunner.L2_runner"/>
  <testcase name="feature" time="5.766" classname="com.dometic.L2.androidrunner.L2_runner"/>
  <testcase name="feature" time="7.854" classname="com.dometic.L2.androidrunner.L2_runner"/>
  <testcase name="feature" time="7.762" classname="com.dometic.L2.androidrunner.L2_runner"/>
  <testcase name="feature" time="7.641" classname="com.dometic.L2.androidrunner.L2_runner"/>
  <testcase name="feature" time="7.892" classname="com.dometic.L2.androidrunner.L2_runner"/>
  <testcase name="feature" time="15.358" classname="com.dometic.L2.androidrunner.L2_runner"/>
  <testcase name="feature" time="17.392" classname="com.dometic.L2.androidrunner.L2_runner"/>
  <testcase name="feature" time="11.287" classname="com.dometic.L2.androidrunner.L2_runner">
    <failure type="org.openqa.selenium.NoSuchElementException" message="An element could not be located on the page using the given search parameters.
For documentation on this error, please visit: http://seleniumhq.org/exceptions/no_such_element.html
Build info: version: &amp;apos;3.11.0&amp;apos;, revision: &amp;apos;e59cfb3&amp;apos;, time: &amp;apos;2018-03-11T20:26:55.152Z&amp;apos;
System info: host: &amp;apos;SRI&amp;apos;, ip: &amp;apos;192.168.1.37&amp;apos;, os.name: &amp;apos;Windows 10&amp;apos;, os.arch: &amp;apos;amd64&amp;apos;, os.version: &amp;apos;10.0&amp;apos;, java.version: &amp;apos;1.8.0_271&amp;apos;
Driver info: io.appium.java_client.android.AndroidDriver
Capabilities {app: C:\Users\Srinidi.S.S\Deskto..., appActivity: com.dometicapp.SplashActivity, appPackage: com.dometicapp, databaseEnabled: false, desired: {app: C:\Users\Srinidi.S.S\Deskto..., appActivity: com.dometicapp.SplashActivity, appPackage: com.dometicapp, deviceName: Pixel4, fullReset: true, platformName: android, platformVersion: 10}, deviceApiLevel: 29, deviceManufacturer: Google, deviceModel: Android SDK built for x86, deviceName: emulator-5554, deviceScreenDensity: 440, deviceScreenSize: 1080x2220, deviceUDID: emulator-5554, fullReset: true, javascriptEnabled: true, locationContextEnabled: false, networkConnectionEnabled: true, pixelRatio: 2.75, platform: LINUX, platformName: LINUX, platformVersion: 10, statBarHeight: 66, takesScreenshot: true, viewportRect: {height: 2022, left: 0, top: 66, width: 1080}, warnings: {}, webStorageEnabled: false}
Session ID: bf2f8953-e162-459d-b184-7a265b60c316
*** Element info: {Using=xpath, value=//*[@text=&amp;apos;Mecánica&amp;apos;]}">
      <![CDATA[org.openqa.selenium.NoSuchElementException: An element could not be located on the page using the given search parameters.
For documentation on this error, please visit: http://seleniumhq.org/exceptions/no_such_element.html
Build info: version: '3.11.0', revision: 'e59cfb3', time: '2018-03-11T20:26:55.152Z'
System info: host: 'SRI', ip: '192.168.1.37', os.name: 'Windows 10', os.arch: 'amd64', os.version: '10.0', java.version: '1.8.0_271'
Driver info: io.appium.java_client.android.AndroidDriver
Capabilities {app: C:\Users\Srinidi.S.S\Deskto..., appActivity: com.dometicapp.SplashActivity, appPackage: com.dometicapp, databaseEnabled: false, desired: {app: C:\Users\Srinidi.S.S\Deskto..., appActivity: com.dometicapp.SplashActivity, appPackage: com.dometicapp, deviceName: Pixel4, fullReset: true, platformName: android, platformVersion: 10}, deviceApiLevel: 29, deviceManufacturer: Google, deviceModel: Android SDK built for x86, deviceName: emulator-5554, deviceScreenDensity: 440, deviceScreenSize: 1080x2220, deviceUDID: emulator-5554, fullReset: true, javascriptEnabled: true, locationContextEnabled: false, networkConnectionEnabled: true, pixelRatio: 2.75, platform: LINUX, platformName: LINUX, platformVersion: 10, statBarHeight: 66, takesScreenshot: true, viewportRect: {height: 2022, left: 0, top: 66, width: 1080}, warnings: {}, webStorageEnabled: false}
Session ID: bf2f8953-e162-459d-b184-7a265b60c316
*** Element info: {Using=xpath, value=//*[@text='Mecánica']}
	at org.openqa.selenium.remote.http.W3CHttpResponseCodec.createException(W3CHttpResponseCodec.java:187)
	at org.openqa.selenium.remote.http.W3CHttpResponseCodec.decode(W3CHttpResponseCodec.java:122)
	at org.openqa.selenium.remote.http.W3CHttpResponseCodec.decode(W3CHttpResponseCodec.java:49)
	at org.openqa.selenium.remote.HttpCommandExecutor.execute(HttpCommandExecutor.java:158)
	at io.appium.java_client.remote.AppiumCommandExecutor.execute(AppiumCommandExecutor.java:129)
	at org.openqa.selenium.remote.RemoteWebDriver.execute(RemoteWebDriver.java:545)
	at io.appium.java_client.DefaultGenericMobileDriver.execute(DefaultGenericMobileDriver.java:42)
	at io.appium.java_client.AppiumDriver.execute(AppiumDriver.java:1)
	at io.appium.java_client.android.AndroidDriver.execute(AndroidDriver.java:1)
	at org.openqa.selenium.remote.RemoteWebDriver.findElement(RemoteWebDriver.java:319)
	at io.appium.java_client.DefaultGenericMobileDriver.findElement(DefaultGenericMobileDriver.java:62)
	at io.appium.java_client.AppiumDriver.findElement(AppiumDriver.java:1)
	at io.appium.java_client.android.AndroidDriver.findElement(AndroidDriver.java:1)
	at org.openqa.selenium.remote.RemoteWebDriver.findElementByXPath(RemoteWebDriver.java:421)
	at io.appium.java_client.DefaultGenericMobileDriver.findElementByXPath(DefaultGenericMobileDriver.java:152)
	at io.appium.java_client.AppiumDriver.findElementByXPath(AppiumDriver.java:1)
	at io.appium.java_client.android.AndroidDriver.findElementByXPath(AndroidDriver.java:1)
	at org.openqa.selenium.By$ByXPath.findElement(By.java:361)
	at org.openqa.selenium.remote.RemoteWebDriver.findElement(RemoteWebDriver.java:311)
	at io.appium.java_client.DefaultGenericMobileDriver.findElement(DefaultGenericMobileDriver.java:58)
	at io.appium.java_client.AppiumDriver.findElement(AppiumDriver.java:1)
	at io.appium.java_client.android.AndroidDriver.findElement(AndroidDriver.java:1)
	at com.dometic.L2.qa.util.Baseclass.Taponbutton(Baseclass.java:21)
	at com.dometic.L2.stepdefinition.SpanishLanguage.iTapOnMecánicaInLandingScreen(SpanishLanguage.java:718)
	at ✽.I Tap on Mecánica in Landing screen(src/test/java/com/dometic/L2/features/TC26_LanguageValidationMechanicalPage(Spanish).feature:5)
... Removed 4 stack frames]]>
    </failure>
  </testcase> <!-- feature -->
  <testcase name="feature" time="20.449" classname="com.dometic.L2.androidrunner.L2_runner"/>
  <testcase name="feature" time="16.98" classname="com.dometic.L2.androidrunner.L2_runner"/>
  <testcase name="feature" time="30.875" classname="com.dometic.L2.androidrunner.L2_runner"/>
  <testcase name="feature" time="7.827" classname="com.dometic.L2.androidrunner.L2_runner"/>
  <testcase name="feature" time="3.006" classname="com.dometic.L2.androidrunner.L2_runner"/>
  <testcase name="feature" time="5.19" classname="com.dometic.L2.androidrunner.L2_runner"/>
  <testcase name="feature" time="4.733" classname="com.dometic.L2.androidrunner.L2_runner"/>
  <testcase name="feature" time="5.438" classname="com.dometic.L2.androidrunner.L2_runner"/>
  <testcase name="feature" time="5.613" classname="com.dometic.L2.androidrunner.L2_runner"/>
  <testcase name="feature" time="4.6" classname="com.dometic.L2.androidrunner.L2_runner"/>
  <testcase name="feature" time="19.65" classname="com.dometic.L2.androidrunner.L2_runner"/>
  <testcase name="feature" time="8.229" classname="com.dometic.L2.androidrunner.L2_runner"/>
  <testcase name="feature" time="30.299" classname="com.dometic.L2.androidrunner.L2_runner"/>
  <testcase name="feature" time="11.711" classname="com.dometic.L2.androidrunner.L2_runner"/>
  <testcase name="feature" time="12.186" classname="com.dometic.L2.androidrunner.L2_runner"/>
  <testcase name="feature" time="11.39" classname="com.dometic.L2.androidrunner.L2_runner"/>
  <testcase name="feature" time="11.761" classname="com.dometic.L2.androidrunner.L2_runner"/>
  <testcase name="feature" time="11.441" classname="com.dometic.L2.androidrunner.L2_runner"/>
  <testcase name="feature" time="41.898" classname="com.dometic.L2.androidrunner.L2_runner"/>
  <testcase name="feature" time="1.607" classname="com.dometic.L2.androidrunner.L2_runner"/>
  <testcase name="feature" time="7.35" classname="com.dometic.L2.androidrunner.L2_runner"/>
  <testcase name="feature" time="10.236" classname="com.dometic.L2.androidrunner.L2_runner"/>
  <testcase name="feature" time="9.506" classname="com.dometic.L2.androidrunner.L2_runner"/>
  <testcase name="feature" time="7.906" classname="com.dometic.L2.androidrunner.L2_runner"/>
  <testcase name="feature" time="6.719" classname="com.dometic.L2.androidrunner.L2_runner"/>
  <testcase name="feature" time="17.588" classname="com.dometic.L2.androidrunner.L2_runner"/>
  <testcase name="feature" time="58.986" classname="com.dometic.L2.androidrunner.L2_runner"/>
  <testcase name="feature" time="25.184" classname="com.dometic.L2.androidrunner.L2_runner"/>
  <testcase name="feature" time="2.596" classname="com.dometic.L2.androidrunner.L2_runner"/>
  <testcase name="feature" time="61.924" classname="com.dometic.L2.androidrunner.L2_runner"/>
  <testcase name="feature" time="13.838" classname="com.dometic.L2.androidrunner.L2_runner"/>
  <testcase name="feature" time="5.356" classname="com.dometic.L2.androidrunner.L2_runner"/>
  <testcase name="feature" time="15.223" classname="com.dometic.L2.androidrunner.L2_runner"/>
  <testcase name="feature" time="17.011" classname="com.dometic.L2.androidrunner.L2_runner"/>
  <testcase name="feature" time="10.124" classname="com.dometic.L2.androidrunner.L2_runner">
    <failure type="org.openqa.selenium.NoSuchElementException" message="An element could not be located on the page using the given search parameters.
For documentation on this error, please visit: http://seleniumhq.org/exceptions/no_such_element.html
Build info: version: &amp;apos;3.11.0&amp;apos;, revision: &amp;apos;e59cfb3&amp;apos;, time: &amp;apos;2018-03-11T20:26:55.152Z&amp;apos;
System info: host: &amp;apos;SRI&amp;apos;, ip: &amp;apos;192.168.1.37&amp;apos;, os.name: &amp;apos;Windows 10&amp;apos;, os.arch: &amp;apos;amd64&amp;apos;, os.version: &amp;apos;10.0&amp;apos;, java.version: &amp;apos;1.8.0_271&amp;apos;
Driver info: io.appium.java_client.android.AndroidDriver
Capabilities {app: C:\Users\Srinidi.S.S\Deskto..., appActivity: com.dometicapp.SplashActivity, appPackage: com.dometicapp, databaseEnabled: false, desired: {app: C:\Users\Srinidi.S.S\Deskto..., appActivity: com.dometicapp.SplashActivity, appPackage: com.dometicapp, deviceName: Pixel4, fullReset: true, platformName: android, platformVersion: 10}, deviceApiLevel: 29, deviceManufacturer: Google, deviceModel: Android SDK built for x86, deviceName: emulator-5554, deviceScreenDensity: 440, deviceScreenSize: 1080x2220, deviceUDID: emulator-5554, fullReset: true, javascriptEnabled: true, locationContextEnabled: false, networkConnectionEnabled: true, pixelRatio: 2.75, platform: LINUX, platformName: LINUX, platformVersion: 10, statBarHeight: 66, takesScreenshot: true, viewportRect: {height: 2022, left: 0, top: 66, width: 1080}, warnings: {}, webStorageEnabled: false}
Session ID: bf2f8953-e162-459d-b184-7a265b60c316
*** Element info: {Using=xpath, value=//*[@text=&amp;apos;Mécanique&amp;apos;]}">
      <![CDATA[org.openqa.selenium.NoSuchElementException: An element could not be located on the page using the given search parameters.
For documentation on this error, please visit: http://seleniumhq.org/exceptions/no_such_element.html
Build info: version: '3.11.0', revision: 'e59cfb3', time: '2018-03-11T20:26:55.152Z'
System info: host: 'SRI', ip: '192.168.1.37', os.name: 'Windows 10', os.arch: 'amd64', os.version: '10.0', java.version: '1.8.0_271'
Driver info: io.appium.java_client.android.AndroidDriver
Capabilities {app: C:\Users\Srinidi.S.S\Deskto..., appActivity: com.dometicapp.SplashActivity, appPackage: com.dometicapp, databaseEnabled: false, desired: {app: C:\Users\Srinidi.S.S\Deskto..., appActivity: com.dometicapp.SplashActivity, appPackage: com.dometicapp, deviceName: Pixel4, fullReset: true, platformName: android, platformVersion: 10}, deviceApiLevel: 29, deviceManufacturer: Google, deviceModel: Android SDK built for x86, deviceName: emulator-5554, deviceScreenDensity: 440, deviceScreenSize: 1080x2220, deviceUDID: emulator-5554, fullReset: true, javascriptEnabled: true, locationContextEnabled: false, networkConnectionEnabled: true, pixelRatio: 2.75, platform: LINUX, platformName: LINUX, platformVersion: 10, statBarHeight: 66, takesScreenshot: true, viewportRect: {height: 2022, left: 0, top: 66, width: 1080}, warnings: {}, webStorageEnabled: false}
Session ID: bf2f8953-e162-459d-b184-7a265b60c316
*** Element info: {Using=xpath, value=//*[@text='Mécanique']}
	at org.openqa.selenium.remote.http.W3CHttpResponseCodec.createException(W3CHttpResponseCodec.java:187)
	at org.openqa.selenium.remote.http.W3CHttpResponseCodec.decode(W3CHttpResponseCodec.java:122)
	at org.openqa.selenium.remote.http.W3CHttpResponseCodec.decode(W3CHttpResponseCodec.java:49)
	at org.openqa.selenium.remote.HttpCommandExecutor.execute(HttpCommandExecutor.java:158)
	at io.appium.java_client.remote.AppiumCommandExecutor.execute(AppiumCommandExecutor.java:129)
	at org.openqa.selenium.remote.RemoteWebDriver.execute(RemoteWebDriver.java:545)
	at io.appium.java_client.DefaultGenericMobileDriver.execute(DefaultGenericMobileDriver.java:42)
	at io.appium.java_client.AppiumDriver.execute(AppiumDriver.java:1)
	at io.appium.java_client.android.AndroidDriver.execute(AndroidDriver.java:1)
	at org.openqa.selenium.remote.RemoteWebDriver.findElement(RemoteWebDriver.java:319)
	at io.appium.java_client.DefaultGenericMobileDriver.findElement(DefaultGenericMobileDriver.java:62)
	at io.appium.java_client.AppiumDriver.findElement(AppiumDriver.java:1)
	at io.appium.java_client.android.AndroidDriver.findElement(AndroidDriver.java:1)
	at org.openqa.selenium.remote.RemoteWebDriver.findElementByXPath(RemoteWebDriver.java:421)
	at io.appium.java_client.DefaultGenericMobileDriver.findElementByXPath(DefaultGenericMobileDriver.java:152)
	at io.appium.java_client.AppiumDriver.findElementByXPath(AppiumDriver.java:1)
	at io.appium.java_client.android.AndroidDriver.findElementByXPath(AndroidDriver.java:1)
	at org.openqa.selenium.By$ByXPath.findElement(By.java:361)
	at org.openqa.selenium.remote.RemoteWebDriver.findElement(RemoteWebDriver.java:311)
	at io.appium.java_client.DefaultGenericMobileDriver.findElement(DefaultGenericMobileDriver.java:58)
	at io.appium.java_client.AppiumDriver.findElement(AppiumDriver.java:1)
	at io.appium.java_client.android.AndroidDriver.findElement(AndroidDriver.java:1)
	at com.dometic.L2.qa.util.Baseclass.Taponbutton(Baseclass.java:21)
	at com.dometic.L2.stepdefinition.FrenchLanguage.iTapOnMécaniqueInLandingScreen(FrenchLanguage.java:696)
	at ✽.I Tap on Mécanique in Landing screen(src/test/java/com/dometic/L2/features/TC39_LanguageValidationMechanicalPage(French).feature:5)
... Removed 4 stack frames]]>
    </failure>
  </testcase> <!-- feature -->
  <testcase name="feature" time="32.073" classname="com.dometic.L2.androidrunner.L2_runner"/>
  <testcase name="feature" time="16.531" classname="com.dometic.L2.androidrunner.L2_runner"/>
  <testcase name="feature" time="21.457" classname="com.dometic.L2.androidrunner.L2_runner"/>
  <testcase name="feature" time="7.412" classname="com.dometic.L2.androidrunner.L2_runner"/>
  <testcase name="feature" time="2.988" classname="com.dometic.L2.androidrunner.L2_runner"/>
  <testcase name="feature" time="4.525" classname="com.dometic.L2.androidrunner.L2_runner"/>
  <testcase name="feature" time="4.215" classname="com.dometic.L2.androidrunner.L2_runner"/>
  <testcase name="feature" time="4.603" classname="com.dometic.L2.androidrunner.L2_runner"/>
  <testcase name="feature" time="4.754" classname="com.dometic.L2.androidrunner.L2_runner"/>
  <testcase name="feature" time="4.12" classname="com.dometic.L2.androidrunner.L2_runner"/>
  <testcase name="feature" time="15.263" classname="com.dometic.L2.androidrunner.L2_runner"/>
</testsuite> <!-- L2-Test -->
